<?xml version="1.0" encoding="UTF-8"?>
<!-- Generated by org.testng.reporters.JUnitXMLReporter -->
<testsuite ignored="0" hostname="DESKTOP-7B89BNQ" failures="12" tests="12" name="Swiggy Regression" time="1.598" errors="0" timestamp="2021-12-07T16:31:08 SGT">
  <testcase classname="io.cucumber.testng.AbstractTestNGCucumberTests" name="runScenario" time="0.16">
    <failure type="java.lang.NullPointerException" message="Cannot invoke &amp;quot;pageFactory.BasePage.goToUrl(String)&amp;quot; because &amp;quot;steps.LocationSearchStepsDefinitions.basePage&amp;quot; is null">
      <![CDATA[java.lang.NullPointerException: Cannot invoke "pageFactory.BasePage.goToUrl(String)" because "steps.LocationSearchStepsDefinitions.basePage" is null
at steps.LocationSearchStepsDefinitions.user_at_main_menu_page(LocationSearchStepsDefinitions.java:16)
at ✽.User at main menu page(file:///C:/Users/Zixiang/git/Swiggy_phase3/Swiggy/src/test/resources/featureFiles/MainPage/LocationSearch.feature:5)
]]>
    </failure>
  </testcase> <!-- runScenario -->
  <testcase classname="io.cucumber.testng.AbstractTestNGCucumberTests" name="runScenario" time="0.03">
    <failure type="java.lang.NullPointerException" message="Cannot invoke &amp;quot;pageFactory.BasePage.goToUrl(String)&amp;quot; because &amp;quot;steps.LocationSearchStepsDefinitions.basePage&amp;quot; is null">
      <![CDATA[java.lang.NullPointerException: Cannot invoke "pageFactory.BasePage.goToUrl(String)" because "steps.LocationSearchStepsDefinitions.basePage" is null
at steps.LocationSearchStepsDefinitions.user_at_main_menu_page(LocationSearchStepsDefinitions.java:16)
at ✽.User at main menu page(file:///C:/Users/Zixiang/git/Swiggy_phase3/Swiggy/src/test/resources/featureFiles/MainPage/LocationSearch.feature:5)
]]>
    </failure>
  </testcase> <!-- runScenario -->
  <testcase classname="io.cucumber.testng.AbstractTestNGCucumberTests" name="runScenario" time="0.024">
    <failure type="java.lang.NullPointerException" message="Cannot invoke &amp;quot;pageFactory.BasePage.goToUrl(String)&amp;quot; because &amp;quot;steps.LocationSearchStepsDefinitions.basePage&amp;quot; is null">
      <![CDATA[java.lang.NullPointerException: Cannot invoke "pageFactory.BasePage.goToUrl(String)" because "steps.LocationSearchStepsDefinitions.basePage" is null
at steps.LocationSearchStepsDefinitions.user_at_main_menu_page(LocationSearchStepsDefinitions.java:16)
at ✽.User at main menu page(file:///C:/Users/Zixiang/git/Swiggy_phase3/Swiggy/src/test/resources/featureFiles/MainPage/LocationSearch.feature:5)
]]>
    </failure>
  </testcase> <!-- runScenario -->
  <testcase classname="io.cucumber.testng.AbstractTestNGCucumberTests" name="runScenario" time="0.032">
    <failure type="java.lang.NullPointerException" message="Cannot invoke &amp;quot;pageFactory.BasePage.goToUrl(String)&amp;quot; because &amp;quot;steps.LocationSearchStepsDefinitions.basePage&amp;quot; is null">
      <![CDATA[java.lang.NullPointerException: Cannot invoke "pageFactory.BasePage.goToUrl(String)" because "steps.LocationSearchStepsDefinitions.basePage" is null
at steps.LocationSearchStepsDefinitions.user_at_main_menu_page(LocationSearchStepsDefinitions.java:16)
at ✽.User at main menu page(file:///C:/Users/Zixiang/git/Swiggy_phase3/Swiggy/src/test/resources/featureFiles/MainPage/LocationSearch.feature:5)
]]>
    </failure>
  </testcase> <!-- runScenario -->
  <testcase classname="io.cucumber.testng.AbstractTestNGCucumberTests" name="runScenario" time="0.032">
    <failure type="java.lang.NullPointerException" message="Cannot invoke &amp;quot;pageFactory.BasePage.goToUrl(String)&amp;quot; because &amp;quot;steps.LocationSearchStepsDefinitions.basePage&amp;quot; is null">
      <![CDATA[java.lang.NullPointerException: Cannot invoke "pageFactory.BasePage.goToUrl(String)" because "steps.LocationSearchStepsDefinitions.basePage" is null
at steps.LocationSearchStepsDefinitions.user_at_main_menu_page(LocationSearchStepsDefinitions.java:16)
at ✽.User at main menu page(file:///C:/Users/Zixiang/git/Swiggy_phase3/Swiggy/src/test/resources/featureFiles/MainPage/LocationSearch.feature:5)
]]>
    </failure>
  </testcase> <!-- runScenario -->
  <testcase classname="io.cucumber.testng.AbstractTestNGCucumberTests" name="runScenario" time="0.041">
    <failure type="java.lang.NullPointerException" message="Cannot invoke &amp;quot;pageFactory.BasePage.goToUrl(String)&amp;quot; because &amp;quot;steps.LocationSearchStepsDefinitions.basePage&amp;quot; is null">
      <![CDATA[java.lang.NullPointerException: Cannot invoke "pageFactory.BasePage.goToUrl(String)" because "steps.LocationSearchStepsDefinitions.basePage" is null
at steps.LocationSearchStepsDefinitions.user_at_main_menu_page(LocationSearchStepsDefinitions.java:16)
at ✽.User at main menu page(file:///C:/Users/Zixiang/git/Swiggy_phase3/Swiggy/src/test/resources/featureFiles/MainPage/LocationSearch.feature:5)
]]>
    </failure>
  </testcase> <!-- runScenario -->
  <testcase classname="io.cucumber.testng.AbstractTestNGCucumberTests" name="runScenario" time="0.067">
    <failure type="java.lang.NullPointerException" message="Cannot invoke &amp;quot;pageFactory.BasePage.goToUrl(String)&amp;quot; because &amp;quot;steps.LocationSearchStepsDefinitions.basePage&amp;quot; is null">
      <![CDATA[java.lang.NullPointerException: Cannot invoke "pageFactory.BasePage.goToUrl(String)" because "steps.LocationSearchStepsDefinitions.basePage" is null
at steps.LocationSearchStepsDefinitions.user_at_main_menu_page(LocationSearchStepsDefinitions.java:16)
at ✽.User at main menu page(file:///C:/Users/Zixiang/git/Swiggy_phase3/Swiggy/src/test/resources/featureFiles/MainPage/LocationSearch.feature:5)
]]>
    </failure>
  </testcase> <!-- runScenario -->
  <testcase classname="io.cucumber.testng.AbstractTestNGCucumberTests" name="runScenario" time="0.032">
    <failure type="java.lang.NullPointerException" message="Cannot invoke &amp;quot;pageFactory.BasePage.goToUrl(String)&amp;quot; because &amp;quot;steps.LocationSearchStepsDefinitions.basePage&amp;quot; is null">
      <![CDATA[java.lang.NullPointerException: Cannot invoke "pageFactory.BasePage.goToUrl(String)" because "steps.LocationSearchStepsDefinitions.basePage" is null
at steps.LocationSearchStepsDefinitions.user_at_main_menu_page(LocationSearchStepsDefinitions.java:16)
at ✽.User at main menu page(file:///C:/Users/Zixiang/git/Swiggy_phase3/Swiggy/src/test/resources/featureFiles/MainPage/LocationSearch.feature:5)
]]>
    </failure>
  </testcase> <!-- runScenario -->
  <testcase classname="io.cucumber.testng.AbstractTestNGCucumberTests" name="runScenario" time="0.03">
    <failure type="java.lang.NullPointerException" message="Cannot invoke &amp;quot;pageFactory.BasePage.goToUrl(String)&amp;quot; because &amp;quot;steps.LocationSearchStepsDefinitions.basePage&amp;quot; is null">
      <![CDATA[java.lang.NullPointerException: Cannot invoke "pageFactory.BasePage.goToUrl(String)" because "steps.LocationSearchStepsDefinitions.basePage" is null
at steps.LocationSearchStepsDefinitions.user_at_main_menu_page(LocationSearchStepsDefinitions.java:16)
at ✽.User at main menu page(file:///C:/Users/Zixiang/git/Swiggy_phase3/Swiggy/src/test/resources/featureFiles/MainPage/LocationSearch.feature:5)
]]>
    </failure>
  </testcase> <!-- runScenario -->
  <testcase classname="io.cucumber.testng.AbstractTestNGCucumberTests" name="runScenario" time="0.026">
    <failure type="java.lang.NullPointerException" message="Cannot invoke &amp;quot;pageFactory.BasePage.goToUrl(String)&amp;quot; because &amp;quot;steps.LocationSearchStepsDefinitions.basePage&amp;quot; is null">
      <![CDATA[java.lang.NullPointerException: Cannot invoke "pageFactory.BasePage.goToUrl(String)" because "steps.LocationSearchStepsDefinitions.basePage" is null
at steps.LocationSearchStepsDefinitions.user_at_main_menu_page(LocationSearchStepsDefinitions.java:16)
at ✽.User at main menu page(file:///C:/Users/Zixiang/git/Swiggy_phase3/Swiggy/src/test/resources/featureFiles/MainPage/LocationSearch.feature:5)
]]>
    </failure>
  </testcase> <!-- runScenario -->
  <testcase classname="io.cucumber.testng.AbstractTestNGCucumberTests" name="runScenario" time="0.026">
    <failure type="java.lang.NullPointerException" message="Cannot invoke &amp;quot;pageFactory.BasePage.goToUrl(String)&amp;quot; because &amp;quot;steps.LocationSearchStepsDefinitions.basePage&amp;quot; is null">
      <![CDATA[java.lang.NullPointerException: Cannot invoke "pageFactory.BasePage.goToUrl(String)" because "steps.LocationSearchStepsDefinitions.basePage" is null
at steps.LocationSearchStepsDefinitions.user_at_main_menu_page(LocationSearchStepsDefinitions.java:16)
at ✽.User at main menu page(file:///C:/Users/Zixiang/git/Swiggy_phase3/Swiggy/src/test/resources/featureFiles/MainPage/SignUp.feature:5)
]]>
    </failure>
  </testcase> <!-- runScenario -->
  <testcase classname="io.cucumber.testng.AbstractTestNGCucumberTests" name="runScenario" time="0.021">
    <failure type="java.lang.NullPointerException" message="Cannot invoke &amp;quot;pageFactory.BasePage.goToUrl(String)&amp;quot; because &amp;quot;steps.ResultsSortingStepsDefinitions.basePage&amp;quot; is null">
      <![CDATA[java.lang.NullPointerException: Cannot invoke "pageFactory.BasePage.goToUrl(String)" because "steps.ResultsSortingStepsDefinitions.basePage" is null
at steps.ResultsSortingStepsDefinitions.user_search_for_a_valid_location(ResultsSortingStepsDefinitions.java:19)
at ✽.User search for a valid location(file:///C:/Users/Zixiang/git/Swiggy_phase3/Swiggy/src/test/resources/featureFiles/RestaurantsPage/ResultsSorting.feature:5)
]]>
    </failure>
  </testcase> <!-- runScenario -->
</testsuite> <!-- Swiggy Regression -->
