<?xml version="1.0" encoding="UTF-8"?>
<!-- Generated by org.testng.reporters.JUnitReportReporter -->
<testsuite hostname="DESKTOP-7B89BNQ" failures="0" tests="1" name="runner.RestaurantsPageRunner" time="0.021" errors="1" timestamp="2021-12-07T16:31:09 SGT" skipped="0">
  <testcase classname="runner.RestaurantsPageRunner" name="runScenario" time="0.021">
    <error message="Cannot invoke &quot;pageFactory.BasePage.goToUrl(String)&quot; because &quot;steps.ResultsSortingStepsDefinitions.basePage&quot; is null" type="java.lang.NullPointerException">
      <![CDATA[java.lang.NullPointerException: Cannot invoke "pageFactory.BasePage.goToUrl(String)" because "steps.ResultsSortingStepsDefinitions.basePage" is null
at steps.ResultsSortingStepsDefinitions.user_search_for_a_valid_location(ResultsSortingStepsDefinitions.java:19)
at ✽.User search for a valid location(file:///C:/Users/Zixiang/git/Swiggy_phase3/Swiggy/src/test/resources/featureFiles/RestaurantsPage/ResultsSorting.feature:5)
]]>
    </error>
  </testcase> <!-- runScenario -->
  <system-out/>
</testsuite> <!-- runner.RestaurantsPageRunner -->
