<?xml version="1.0" encoding="UTF-8"?>
<testng-results ignored="0" total="12" passed="0" failed="12" skipped="0">
  <reporter-output>
  </reporter-output>
  <suite started-at="2021-12-07T16:31:06 SGT" name="Swiggy Regression" finished-at="2021-12-07T16:31:08 SGT" duration-ms="1598">
    <groups>
      <group name="cucumber">
        <method signature="AbstractTestNGCucumberTests.runScenario(io.cucumber.testng.PickleWrapper,io.cucumber.testng.FeatureWrapper)[pri:0, instance:runner.MainPageLocationSearchRunner@3f9342d4]" name="runScenario" class="io.cucumber.testng.AbstractTestNGCucumberTests"/>
        <method signature="AbstractTestNGCucumberTests.runScenario(io.cucumber.testng.PickleWrapper,io.cucumber.testng.FeatureWrapper)[pri:0, instance:runner.RestaurantsPageRunner@d62fe5b]" name="runScenario" class="io.cucumber.testng.AbstractTestNGCucumberTests"/>
      </group> <!-- cucumber -->
    </groups>
    <test started-at="2021-12-07T16:31:06 SGT" name="Swiggy Regression" finished-at="2021-12-07T16:31:08 SGT" duration-ms="1598">
      <class name="runner.RestaurantsPageRunner">
        <test-method is-config="true" signature="setUpClass(org.testng.ITestContext)[pri:0, instance:runner.RestaurantsPageRunner@d62fe5b]" started-at="2021-12-07T16:31:08 SGT" name="setUpClass" finished-at="2021-12-07T16:31:08 SGT" duration-ms="37" status="PASS">
          <params>
            <param index="0">
              <value>
                <![CDATA[org.testng.TestRunner@10bea4]]>
              </value>
            </param>
          </params>
          <reporter-output>
          </reporter-output>
        </test-method> <!-- setUpClass -->
        <test-method signature="runScenario(io.cucumber.testng.PickleWrapper,io.cucumber.testng.FeatureWrapper)[pri:0, instance:runner.RestaurantsPageRunner@d62fe5b]" started-at="2021-12-07T16:31:08 SGT" name="runScenario" description="Runs Cucumber Scenarios" data-provider="scenarios" finished-at="2021-12-07T16:31:08 SGT" duration-ms="21" status="FAIL">
          <params>
            <param index="0">
              <value>
                <![CDATA[""]]>
              </value>
            </param>
            <param index="1">
              <value>
                <![CDATA["Optional[To test results sorting functionality.]"]]>
              </value>
            </param>
          </params>
          <exception class="java.lang.NullPointerException">
            <message>
              <![CDATA[Cannot invoke "pageFactory.BasePage.goToUrl(String)" because "steps.ResultsSortingStepsDefinitions.basePage" is null]]>
            </message>
            <full-stacktrace>
              <![CDATA[java.lang.NullPointerException: Cannot invoke "pageFactory.BasePage.goToUrl(String)" because "steps.ResultsSortingStepsDefinitions.basePage" is null
at steps.ResultsSortingStepsDefinitions.user_search_for_a_valid_location(ResultsSortingStepsDefinitions.java:19)
at ✽.User search for a valid location(file:///C:/Users/Zixiang/git/Swiggy_phase3/Swiggy/src/test/resources/featureFiles/RestaurantsPage/ResultsSorting.feature:5)
]]>
            </full-stacktrace>
          </exception> <!-- java.lang.NullPointerException -->
          <reporter-output>
          </reporter-output>
        </test-method> <!-- runScenario -->
        <test-method is-config="true" signature="tearDownClass()[pri:0, instance:runner.RestaurantsPageRunner@d62fe5b]" started-at="2021-12-07T16:31:08 SGT" name="tearDownClass" finished-at="2021-12-07T16:31:08 SGT" duration-ms="54" status="PASS">
          <reporter-output>
          </reporter-output>
        </test-method> <!-- tearDownClass -->
      </class> <!-- runner.RestaurantsPageRunner -->
      <class name="runner.MainPageLocationSearchRunner">
        <test-method is-config="true" signature="setUpClass(org.testng.ITestContext)[pri:0, instance:runner.MainPageLocationSearchRunner@3f9342d4]" started-at="2021-12-07T16:31:06 SGT" name="setUpClass" finished-at="2021-12-07T16:31:07 SGT" duration-ms="677" status="PASS">
          <params>
            <param index="0">
              <value>
                <![CDATA[org.testng.TestRunner@10bea4]]>
              </value>
            </param>
          </params>
          <reporter-output>
          </reporter-output>
        </test-method> <!-- setUpClass -->
        <test-method signature="runScenario(io.cucumber.testng.PickleWrapper,io.cucumber.testng.FeatureWrapper)[pri:0, instance:runner.MainPageLocationSearchRunner@3f9342d4]" started-at="2021-12-07T16:31:07 SGT" name="runScenario" description="Runs Cucumber Scenarios" data-provider="scenarios" finished-at="2021-12-07T16:31:07 SGT" duration-ms="160" status="FAIL">
          <params>
            <param index="0">
              <value>
                <![CDATA[""]]>
              </value>
            </param>
            <param index="1">
              <value>
                <![CDATA["Optional[To test location searchbar functionality.]"]]>
              </value>
            </param>
          </params>
          <exception class="java.lang.NullPointerException">
            <message>
              <![CDATA[Cannot invoke "pageFactory.BasePage.goToUrl(String)" because "steps.LocationSearchStepsDefinitions.basePage" is null]]>
            </message>
            <full-stacktrace>
              <![CDATA[java.lang.NullPointerException: Cannot invoke "pageFactory.BasePage.goToUrl(String)" because "steps.LocationSearchStepsDefinitions.basePage" is null
at steps.LocationSearchStepsDefinitions.user_at_main_menu_page(LocationSearchStepsDefinitions.java:16)
at ✽.User at main menu page(file:///C:/Users/Zixiang/git/Swiggy_phase3/Swiggy/src/test/resources/featureFiles/MainPage/LocationSearch.feature:5)
]]>
            </full-stacktrace>
          </exception> <!-- java.lang.NullPointerException -->
          <reporter-output>
          </reporter-output>
        </test-method> <!-- runScenario -->
        <test-method signature="runScenario(io.cucumber.testng.PickleWrapper,io.cucumber.testng.FeatureWrapper)[pri:0, instance:runner.MainPageLocationSearchRunner@3f9342d4]" started-at="2021-12-07T16:31:07 SGT" name="runScenario" description="Runs Cucumber Scenarios" data-provider="scenarios" finished-at="2021-12-07T16:31:07 SGT" duration-ms="30" status="FAIL">
          <params>
            <param index="0">
              <value>
                <![CDATA[""]]>
              </value>
            </param>
            <param index="1">
              <value>
                <![CDATA["Optional[To test location searchbar functionality.]"]]>
              </value>
            </param>
          </params>
          <exception class="java.lang.NullPointerException">
            <message>
              <![CDATA[Cannot invoke "pageFactory.BasePage.goToUrl(String)" because "steps.LocationSearchStepsDefinitions.basePage" is null]]>
            </message>
            <full-stacktrace>
              <![CDATA[java.lang.NullPointerException: Cannot invoke "pageFactory.BasePage.goToUrl(String)" because "steps.LocationSearchStepsDefinitions.basePage" is null
at steps.LocationSearchStepsDefinitions.user_at_main_menu_page(LocationSearchStepsDefinitions.java:16)
at ✽.User at main menu page(file:///C:/Users/Zixiang/git/Swiggy_phase3/Swiggy/src/test/resources/featureFiles/MainPage/LocationSearch.feature:5)
]]>
            </full-stacktrace>
          </exception> <!-- java.lang.NullPointerException -->
          <reporter-output>
          </reporter-output>
        </test-method> <!-- runScenario -->
        <test-method signature="runScenario(io.cucumber.testng.PickleWrapper,io.cucumber.testng.FeatureWrapper)[pri:0, instance:runner.MainPageLocationSearchRunner@3f9342d4]" started-at="2021-12-07T16:31:07 SGT" name="runScenario" description="Runs Cucumber Scenarios" data-provider="scenarios" finished-at="2021-12-07T16:31:07 SGT" duration-ms="24" status="FAIL">
          <params>
            <param index="0">
              <value>
                <![CDATA[""]]>
              </value>
            </param>
            <param index="1">
              <value>
                <![CDATA["Optional[To test location searchbar functionality.]"]]>
              </value>
            </param>
          </params>
          <exception class="java.lang.NullPointerException">
            <message>
              <![CDATA[Cannot invoke "pageFactory.BasePage.goToUrl(String)" because "steps.LocationSearchStepsDefinitions.basePage" is null]]>
            </message>
            <full-stacktrace>
              <![CDATA[java.lang.NullPointerException: Cannot invoke "pageFactory.BasePage.goToUrl(String)" because "steps.LocationSearchStepsDefinitions.basePage" is null
at steps.LocationSearchStepsDefinitions.user_at_main_menu_page(LocationSearchStepsDefinitions.java:16)
at ✽.User at main menu page(file:///C:/Users/Zixiang/git/Swiggy_phase3/Swiggy/src/test/resources/featureFiles/MainPage/LocationSearch.feature:5)
]]>
            </full-stacktrace>
          </exception> <!-- java.lang.NullPointerException -->
          <reporter-output>
          </reporter-output>
        </test-method> <!-- runScenario -->
        <test-method signature="runScenario(io.cucumber.testng.PickleWrapper,io.cucumber.testng.FeatureWrapper)[pri:0, instance:runner.MainPageLocationSearchRunner@3f9342d4]" started-at="2021-12-07T16:31:07 SGT" name="runScenario" description="Runs Cucumber Scenarios" data-provider="scenarios" finished-at="2021-12-07T16:31:07 SGT" duration-ms="32" status="FAIL">
          <params>
            <param index="0">
              <value>
                <![CDATA[""]]>
              </value>
            </param>
            <param index="1">
              <value>
                <![CDATA["Optional[To test location searchbar functionality.]"]]>
              </value>
            </param>
          </params>
          <exception class="java.lang.NullPointerException">
            <message>
              <![CDATA[Cannot invoke "pageFactory.BasePage.goToUrl(String)" because "steps.LocationSearchStepsDefinitions.basePage" is null]]>
            </message>
            <full-stacktrace>
              <![CDATA[java.lang.NullPointerException: Cannot invoke "pageFactory.BasePage.goToUrl(String)" because "steps.LocationSearchStepsDefinitions.basePage" is null
at steps.LocationSearchStepsDefinitions.user_at_main_menu_page(LocationSearchStepsDefinitions.java:16)
at ✽.User at main menu page(file:///C:/Users/Zixiang/git/Swiggy_phase3/Swiggy/src/test/resources/featureFiles/MainPage/LocationSearch.feature:5)
]]>
            </full-stacktrace>
          </exception> <!-- java.lang.NullPointerException -->
          <reporter-output>
          </reporter-output>
        </test-method> <!-- runScenario -->
        <test-method signature="runScenario(io.cucumber.testng.PickleWrapper,io.cucumber.testng.FeatureWrapper)[pri:0, instance:runner.MainPageLocationSearchRunner@3f9342d4]" started-at="2021-12-07T16:31:07 SGT" name="runScenario" description="Runs Cucumber Scenarios" data-provider="scenarios" finished-at="2021-12-07T16:31:07 SGT" duration-ms="32" status="FAIL">
          <params>
            <param index="0">
              <value>
                <![CDATA[""]]>
              </value>
            </param>
            <param index="1">
              <value>
                <![CDATA["Optional[To test location searchbar functionality.]"]]>
              </value>
            </param>
          </params>
          <exception class="java.lang.NullPointerException">
            <message>
              <![CDATA[Cannot invoke "pageFactory.BasePage.goToUrl(String)" because "steps.LocationSearchStepsDefinitions.basePage" is null]]>
            </message>
            <full-stacktrace>
              <![CDATA[java.lang.NullPointerException: Cannot invoke "pageFactory.BasePage.goToUrl(String)" because "steps.LocationSearchStepsDefinitions.basePage" is null
at steps.LocationSearchStepsDefinitions.user_at_main_menu_page(LocationSearchStepsDefinitions.java:16)
at ✽.User at main menu page(file:///C:/Users/Zixiang/git/Swiggy_phase3/Swiggy/src/test/resources/featureFiles/MainPage/LocationSearch.feature:5)
]]>
            </full-stacktrace>
          </exception> <!-- java.lang.NullPointerException -->
          <reporter-output>
          </reporter-output>
        </test-method> <!-- runScenario -->
        <test-method signature="runScenario(io.cucumber.testng.PickleWrapper,io.cucumber.testng.FeatureWrapper)[pri:0, instance:runner.MainPageLocationSearchRunner@3f9342d4]" started-at="2021-12-07T16:31:07 SGT" name="runScenario" description="Runs Cucumber Scenarios" data-provider="scenarios" finished-at="2021-12-07T16:31:07 SGT" duration-ms="41" status="FAIL">
          <params>
            <param index="0">
              <value>
                <![CDATA[""]]>
              </value>
            </param>
            <param index="1">
              <value>
                <![CDATA["Optional[To test location searchbar functionality.]"]]>
              </value>
            </param>
          </params>
          <exception class="java.lang.NullPointerException">
            <message>
              <![CDATA[Cannot invoke "pageFactory.BasePage.goToUrl(String)" because "steps.LocationSearchStepsDefinitions.basePage" is null]]>
            </message>
            <full-stacktrace>
              <![CDATA[java.lang.NullPointerException: Cannot invoke "pageFactory.BasePage.goToUrl(String)" because "steps.LocationSearchStepsDefinitions.basePage" is null
at steps.LocationSearchStepsDefinitions.user_at_main_menu_page(LocationSearchStepsDefinitions.java:16)
at ✽.User at main menu page(file:///C:/Users/Zixiang/git/Swiggy_phase3/Swiggy/src/test/resources/featureFiles/MainPage/LocationSearch.feature:5)
]]>
            </full-stacktrace>
          </exception> <!-- java.lang.NullPointerException -->
          <reporter-output>
          </reporter-output>
        </test-method> <!-- runScenario -->
        <test-method signature="runScenario(io.cucumber.testng.PickleWrapper,io.cucumber.testng.FeatureWrapper)[pri:0, instance:runner.MainPageLocationSearchRunner@3f9342d4]" started-at="2021-12-07T16:31:07 SGT" name="runScenario" description="Runs Cucumber Scenarios" data-provider="scenarios" finished-at="2021-12-07T16:31:08 SGT" duration-ms="67" status="FAIL">
          <params>
            <param index="0">
              <value>
                <![CDATA[""]]>
              </value>
            </param>
            <param index="1">
              <value>
                <![CDATA["Optional[To test location searchbar functionality.]"]]>
              </value>
            </param>
          </params>
          <exception class="java.lang.NullPointerException">
            <message>
              <![CDATA[Cannot invoke "pageFactory.BasePage.goToUrl(String)" because "steps.LocationSearchStepsDefinitions.basePage" is null]]>
            </message>
            <full-stacktrace>
              <![CDATA[java.lang.NullPointerException: Cannot invoke "pageFactory.BasePage.goToUrl(String)" because "steps.LocationSearchStepsDefinitions.basePage" is null
at steps.LocationSearchStepsDefinitions.user_at_main_menu_page(LocationSearchStepsDefinitions.java:16)
at ✽.User at main menu page(file:///C:/Users/Zixiang/git/Swiggy_phase3/Swiggy/src/test/resources/featureFiles/MainPage/LocationSearch.feature:5)
]]>
            </full-stacktrace>
          </exception> <!-- java.lang.NullPointerException -->
          <reporter-output>
          </reporter-output>
        </test-method> <!-- runScenario -->
        <test-method signature="runScenario(io.cucumber.testng.PickleWrapper,io.cucumber.testng.FeatureWrapper)[pri:0, instance:runner.MainPageLocationSearchRunner@3f9342d4]" started-at="2021-12-07T16:31:08 SGT" name="runScenario" description="Runs Cucumber Scenarios" data-provider="scenarios" finished-at="2021-12-07T16:31:08 SGT" duration-ms="32" status="FAIL">
          <params>
            <param index="0">
              <value>
                <![CDATA[""]]>
              </value>
            </param>
            <param index="1">
              <value>
                <![CDATA["Optional[To test location searchbar functionality.]"]]>
              </value>
            </param>
          </params>
          <exception class="java.lang.NullPointerException">
            <message>
              <![CDATA[Cannot invoke "pageFactory.BasePage.goToUrl(String)" because "steps.LocationSearchStepsDefinitions.basePage" is null]]>
            </message>
            <full-stacktrace>
              <![CDATA[java.lang.NullPointerException: Cannot invoke "pageFactory.BasePage.goToUrl(String)" because "steps.LocationSearchStepsDefinitions.basePage" is null
at steps.LocationSearchStepsDefinitions.user_at_main_menu_page(LocationSearchStepsDefinitions.java:16)
at ✽.User at main menu page(file:///C:/Users/Zixiang/git/Swiggy_phase3/Swiggy/src/test/resources/featureFiles/MainPage/LocationSearch.feature:5)
]]>
            </full-stacktrace>
          </exception> <!-- java.lang.NullPointerException -->
          <reporter-output>
          </reporter-output>
        </test-method> <!-- runScenario -->
        <test-method signature="runScenario(io.cucumber.testng.PickleWrapper,io.cucumber.testng.FeatureWrapper)[pri:0, instance:runner.MainPageLocationSearchRunner@3f9342d4]" started-at="2021-12-07T16:31:08 SGT" name="runScenario" description="Runs Cucumber Scenarios" data-provider="scenarios" finished-at="2021-12-07T16:31:08 SGT" duration-ms="30" status="FAIL">
          <params>
            <param index="0">
              <value>
                <![CDATA[""]]>
              </value>
            </param>
            <param index="1">
              <value>
                <![CDATA["Optional[To test location searchbar functionality.]"]]>
              </value>
            </param>
          </params>
          <exception class="java.lang.NullPointerException">
            <message>
              <![CDATA[Cannot invoke "pageFactory.BasePage.goToUrl(String)" because "steps.LocationSearchStepsDefinitions.basePage" is null]]>
            </message>
            <full-stacktrace>
              <![CDATA[java.lang.NullPointerException: Cannot invoke "pageFactory.BasePage.goToUrl(String)" because "steps.LocationSearchStepsDefinitions.basePage" is null
at steps.LocationSearchStepsDefinitions.user_at_main_menu_page(LocationSearchStepsDefinitions.java:16)
at ✽.User at main menu page(file:///C:/Users/Zixiang/git/Swiggy_phase3/Swiggy/src/test/resources/featureFiles/MainPage/LocationSearch.feature:5)
]]>
            </full-stacktrace>
          </exception> <!-- java.lang.NullPointerException -->
          <reporter-output>
          </reporter-output>
        </test-method> <!-- runScenario -->
        <test-method signature="runScenario(io.cucumber.testng.PickleWrapper,io.cucumber.testng.FeatureWrapper)[pri:0, instance:runner.MainPageLocationSearchRunner@3f9342d4]" started-at="2021-12-07T16:31:08 SGT" name="runScenario" description="Runs Cucumber Scenarios" data-provider="scenarios" finished-at="2021-12-07T16:31:08 SGT" duration-ms="26" status="FAIL">
          <params>
            <param index="0">
              <value>
                <![CDATA[""]]>
              </value>
            </param>
            <param index="1">
              <value>
                <![CDATA["Optional[To test location searchbar functionality.]"]]>
              </value>
            </param>
          </params>
          <exception class="java.lang.NullPointerException">
            <message>
              <![CDATA[Cannot invoke "pageFactory.BasePage.goToUrl(String)" because "steps.LocationSearchStepsDefinitions.basePage" is null]]>
            </message>
            <full-stacktrace>
              <![CDATA[java.lang.NullPointerException: Cannot invoke "pageFactory.BasePage.goToUrl(String)" because "steps.LocationSearchStepsDefinitions.basePage" is null
at steps.LocationSearchStepsDefinitions.user_at_main_menu_page(LocationSearchStepsDefinitions.java:16)
at ✽.User at main menu page(file:///C:/Users/Zixiang/git/Swiggy_phase3/Swiggy/src/test/resources/featureFiles/MainPage/LocationSearch.feature:5)
]]>
            </full-stacktrace>
          </exception> <!-- java.lang.NullPointerException -->
          <reporter-output>
          </reporter-output>
        </test-method> <!-- runScenario -->
        <test-method signature="runScenario(io.cucumber.testng.PickleWrapper,io.cucumber.testng.FeatureWrapper)[pri:0, instance:runner.MainPageLocationSearchRunner@3f9342d4]" started-at="2021-12-07T16:31:08 SGT" name="runScenario" description="Runs Cucumber Scenarios" data-provider="scenarios" finished-at="2021-12-07T16:31:08 SGT" duration-ms="26" status="FAIL">
          <params>
            <param index="0">
              <value>
                <![CDATA[""]]>
              </value>
            </param>
            <param index="1">
              <value>
                <![CDATA["Optional[To test negative sign up functionality.]"]]>
              </value>
            </param>
          </params>
          <exception class="java.lang.NullPointerException">
            <message>
              <![CDATA[Cannot invoke "pageFactory.BasePage.goToUrl(String)" because "steps.LocationSearchStepsDefinitions.basePage" is null]]>
            </message>
            <full-stacktrace>
              <![CDATA[java.lang.NullPointerException: Cannot invoke "pageFactory.BasePage.goToUrl(String)" because "steps.LocationSearchStepsDefinitions.basePage" is null
at steps.LocationSearchStepsDefinitions.user_at_main_menu_page(LocationSearchStepsDefinitions.java:16)
at ✽.User at main menu page(file:///C:/Users/Zixiang/git/Swiggy_phase3/Swiggy/src/test/resources/featureFiles/MainPage/SignUp.feature:5)
]]>
            </full-stacktrace>
          </exception> <!-- java.lang.NullPointerException -->
          <reporter-output>
          </reporter-output>
        </test-method> <!-- runScenario -->
        <test-method is-config="true" signature="tearDownClass()[pri:0, instance:runner.MainPageLocationSearchRunner@3f9342d4]" started-at="2021-12-07T16:31:08 SGT" name="tearDownClass" finished-at="2021-12-07T16:31:08 SGT" duration-ms="227" status="PASS">
          <reporter-output>
          </reporter-output>
        </test-method> <!-- tearDownClass -->
      </class> <!-- runner.MainPageLocationSearchRunner -->
    </test> <!-- Swiggy Regression -->
  </suite> <!-- Swiggy Regression -->
</testng-results>
